main.py start!! 1 0 18 /gpu:1 ckpt_file/model_res_110layer.ckpt output_data/train_acc_res_110layer.txt
STAGE : Image Preprocessing Finish!
STAGE : Batch Init Finish!
STAGE : Network Init Finish!
STAGE : Session Init Finish!
train loop start!!
epoch : 0, test acc : 0.0808
step : 100, epoch : 0, acc : 0.2625, loss : 0.3114, time : 1.2606
step : 200, epoch : 0, acc : 0.3094, loss : 0.2895, time : 0.8402
step : 300, epoch : 0, acc : 0.3719, loss : 0.2716, time : 0.8398
step : 400, epoch : 0, acc : 0.4016, loss : 0.2697, time : 0.8400
step : 500, epoch : 0, acc : 0.4266, loss : 0.2608, time : 0.8395
########## Warm Up done ########## 
step : 600, epoch : 0, acc : 0.2875, loss : 0.3032, time : 1.2308
step : 700, epoch : 0, acc : 0.3828, loss : 0.2714, time : 0.8397
epoch : 1, test acc : 0.4229
step : 800, epoch : 1, acc : 0.4234, loss : 0.2607, time : 1.1870
step : 900, epoch : 1, acc : 0.4219, loss : 0.2554, time : 0.8399
step : 1000, epoch : 1, acc : 0.4719, loss : 0.2408, time : 0.8395
step : 1100, epoch : 1, acc : 0.5203, loss : 0.2220, time : 0.8401
step : 1200, epoch : 1, acc : 0.5391, loss : 0.2234, time : 0.8399
step : 1300, epoch : 1, acc : 0.5563, loss : 0.2143, time : 0.8398
step : 1400, epoch : 1, acc : 0.5703, loss : 0.2113, time : 0.8394
epoch : 2, test acc : 0.6179
step : 1500, epoch : 2, acc : 0.6078, loss : 0.1937, time : 1.1867
step : 1600, epoch : 2, acc : 0.6609, loss : 0.1893, time : 0.8400
step : 1700, epoch : 2, acc : 0.6375, loss : 0.1922, time : 0.8399
step : 1800, epoch : 2, acc : 0.6797, loss : 0.1858, time : 0.8399
step : 1900, epoch : 2, acc : 0.6547, loss : 0.1866, time : 0.8395
step : 2000, epoch : 2, acc : 0.6672, loss : 0.1800, time : 0.8393
step : 2100, epoch : 2, acc : 0.7031, loss : 0.1706, time : 0.8394
epoch : 3, test acc : 0.6999
step : 2200, epoch : 3, acc : 0.6859, loss : 0.1718, time : 1.1865
step : 2300, epoch : 3, acc : 0.7109, loss : 0.1676, time : 0.8404
step : 2400, epoch : 3, acc : 0.7047, loss : 0.1658, time : 0.8396
step : 2500, epoch : 3, acc : 0.7266, loss : 0.1600, time : 0.8399
step : 2600, epoch : 3, acc : 0.7047, loss : 0.1600, time : 0.8397
step : 2700, epoch : 3, acc : 0.7219, loss : 0.1519, time : 0.8398
step : 2800, epoch : 3, acc : 0.7297, loss : 0.1540, time : 0.8397
epoch : 4, test acc : 0.7588
step : 2900, epoch : 4, acc : 0.7594, loss : 0.1457, time : 1.1867
step : 3000, epoch : 4, acc : 0.7703, loss : 0.1446, time : 0.8402
step : 3100, epoch : 4, acc : 0.7609, loss : 0.1402, time : 0.8401
step : 3200, epoch : 4, acc : 0.7562, loss : 0.1443, time : 0.8397
step : 3300, epoch : 4, acc : 0.7562, loss : 0.1411, time : 0.8398
step : 3400, epoch : 4, acc : 0.7656, loss : 0.1351, time : 0.8402
step : 3500, epoch : 4, acc : 0.8063, loss : 0.1317, time : 0.8395
epoch : 5, test acc : 0.7769
step : 3600, epoch : 5, acc : 0.7781, loss : 0.1320, time : 1.1866
step : 3700, epoch : 5, acc : 0.7859, loss : 0.1295, time : 0.8401
step : 3800, epoch : 5, acc : 0.7797, loss : 0.1290, time : 0.8401
step : 3900, epoch : 5, acc : 0.7609, loss : 0.1367, time : 0.8397
step : 4000, epoch : 5, acc : 0.7797, loss : 0.1360, time : 0.8395
step : 4100, epoch : 5, acc : 0.7875, loss : 0.1251, time : 0.8393
step : 4200, epoch : 5, acc : 0.8047, loss : 0.1220, time : 0.8388
epoch : 6, test acc : 0.7934
step : 4300, epoch : 6, acc : 0.8328, loss : 0.1135, time : 1.1853
step : 4400, epoch : 6, acc : 0.8016, loss : 0.1208, time : 0.8391
step : 4500, epoch : 6, acc : 0.8016, loss : 0.1189, time : 0.8388
step : 4600, epoch : 6, acc : 0.8156, loss : 0.1146, time : 0.8388
step : 4700, epoch : 6, acc : 0.8141, loss : 0.1183, time : 0.8387
step : 4800, epoch : 6, acc : 0.7906, loss : 0.1175, time : 0.8389
step : 4900, epoch : 6, acc : 0.7906, loss : 0.1231, time : 0.8385
epoch : 7, test acc : 0.7998
step : 5000, epoch : 7, acc : 0.7953, loss : 0.1171, time : 1.1853
step : 5100, epoch : 7, acc : 0.7984, loss : 0.1145, time : 0.8392
step : 5200, epoch : 7, acc : 0.7937, loss : 0.1172, time : 0.8392
step : 5300, epoch : 7, acc : 0.8078, loss : 0.1130, time : 0.8386
step : 5400, epoch : 7, acc : 0.7828, loss : 0.1151, time : 0.8385
step : 5500, epoch : 7, acc : 0.8313, loss : 0.1063, time : 0.8385
step : 5600, epoch : 7, acc : 0.8141, loss : 0.1085, time : 0.8382
epoch : 8, test acc : 0.8116
step : 5700, epoch : 8, acc : 0.8016, loss : 0.1106, time : 1.1844
step : 5800, epoch : 8, acc : 0.8438, loss : 0.1010, time : 0.8390
step : 5900, epoch : 8, acc : 0.8172, loss : 0.1063, time : 0.8387
step : 6000, epoch : 8, acc : 0.8578, loss : 0.0937, time : 0.8469
step : 6100, epoch : 8, acc : 0.8266, loss : 0.0993, time : 0.8369
step : 6200, epoch : 8, acc : 0.8328, loss : 0.0975, time : 0.8368
step : 6300, epoch : 8, acc : 0.8328, loss : 0.0975, time : 0.8365
epoch : 9, test acc : 0.8193
step : 6400, epoch : 9, acc : 0.8250, loss : 0.0983, time : 1.1823
step : 6500, epoch : 9, acc : 0.8000, loss : 0.1050, time : 0.8371
step : 6600, epoch : 9, acc : 0.8344, loss : 0.0936, time : 0.8370
step : 6700, epoch : 9, acc : 0.8125, loss : 0.0976, time : 0.8369
step : 6800, epoch : 9, acc : 0.8266, loss : 0.0946, time : 0.8370
step : 6900, epoch : 9, acc : 0.8375, loss : 0.0950, time : 0.8367
step : 7000, epoch : 9, acc : 0.8047, loss : 0.1035, time : 0.8364
epoch : 10, test acc : 0.8195
Save ckpt file ckpt_file/model_res_110layer.ckpt
step : 7100, epoch : 10, acc : 0.8547, loss : 0.0912, time : 1.3577
step : 7200, epoch : 10, acc : 0.8344, loss : 0.0944, time : 0.8372
step : 7300, epoch : 10, acc : 0.8422, loss : 0.0924, time : 0.8370
step : 7400, epoch : 10, acc : 0.8594, loss : 0.0909, time : 0.8369
step : 7500, epoch : 10, acc : 0.8656, loss : 0.0860, time : 0.8370
step : 7600, epoch : 10, acc : 0.8359, loss : 0.0960, time : 0.8369
step : 7700, epoch : 10, acc : 0.8266, loss : 0.0953, time : 0.8364
epoch : 11, test acc : 0.8399
step : 7800, epoch : 11, acc : 0.8656, loss : 0.0845, time : 1.1827
step : 7900, epoch : 11, acc : 0.8484, loss : 0.0912, time : 0.8372
step : 8000, epoch : 11, acc : 0.8281, loss : 0.0940, time : 0.8370
step : 8100, epoch : 11, acc : 0.8625, loss : 0.0838, time : 0.8371
step : 8200, epoch : 11, acc : 0.8359, loss : 0.0875, time : 0.8367
step : 8300, epoch : 11, acc : 0.8609, loss : 0.0873, time : 0.8366
step : 8400, epoch : 11, acc : 0.8547, loss : 0.0863, time : 0.8371
epoch : 12, test acc : 0.8289
step : 8500, epoch : 12, acc : 0.8547, loss : 0.0814, time : 1.1826
step : 8600, epoch : 12, acc : 0.8656, loss : 0.0825, time : 0.8373
step : 8700, epoch : 12, acc : 0.8516, loss : 0.0816, time : 0.8368
step : 8800, epoch : 12, acc : 0.8516, loss : 0.0843, time : 0.8369
step : 8900, epoch : 12, acc : 0.8641, loss : 0.0819, time : 0.8371
step : 9000, epoch : 12, acc : 0.8547, loss : 0.0806, time : 0.8367
step : 9100, epoch : 12, acc : 0.8609, loss : 0.0812, time : 0.8365
epoch : 13, test acc : 0.8375
step : 9200, epoch : 13, acc : 0.8812, loss : 0.0733, time : 1.1832
step : 9300, epoch : 13, acc : 0.8781, loss : 0.0794, time : 0.8371
step : 9400, epoch : 13, acc : 0.8656, loss : 0.0796, time : 0.8369
step : 9500, epoch : 13, acc : 0.8828, loss : 0.0735, time : 0.8368
step : 9600, epoch : 13, acc : 0.8469, loss : 0.0845, time : 0.8369
step : 9700, epoch : 13, acc : 0.8359, loss : 0.0818, time : 0.8367
step : 9800, epoch : 13, acc : 0.8453, loss : 0.0834, time : 0.8366
epoch : 14, test acc : 0.8497
step : 9900, epoch : 14, acc : 0.8609, loss : 0.0804, time : 1.1820
step : 10000, epoch : 14, acc : 0.8766, loss : 0.0778, time : 0.8370
step : 10100, epoch : 14, acc : 0.8625, loss : 0.0784, time : 0.8369
step : 10200, epoch : 14, acc : 0.8562, loss : 0.0793, time : 0.8371
step : 10300, epoch : 14, acc : 0.8453, loss : 0.0797, time : 0.8370
step : 10400, epoch : 14, acc : 0.8391, loss : 0.0815, time : 0.8370
step : 10500, epoch : 14, acc : 0.8641, loss : 0.0781, time : 0.8364
epoch : 15, test acc : 0.8252
step : 10600, epoch : 15, acc : 0.8984, loss : 0.0692, time : 1.1822
step : 10700, epoch : 15, acc : 0.8562, loss : 0.0775, time : 0.8371
step : 10800, epoch : 15, acc : 0.8484, loss : 0.0782, time : 0.8369
step : 10900, epoch : 15, acc : 0.8719, loss : 0.0782, time : 0.8368
step : 11000, epoch : 15, acc : 0.8625, loss : 0.0781, time : 0.8364
step : 11100, epoch : 15, acc : 0.8688, loss : 0.0748, time : 0.8362
step : 11200, epoch : 15, acc : 0.8562, loss : 0.0775, time : 0.8364
epoch : 16, test acc : 0.8456
step : 11300, epoch : 16, acc : 0.8531, loss : 0.0790, time : 1.1819
step : 11400, epoch : 16, acc : 0.8406, loss : 0.0766, time : 0.8370
step : 11500, epoch : 16, acc : 0.8719, loss : 0.0710, time : 0.8373
step : 11600, epoch : 16, acc : 0.8641, loss : 0.0729, time : 0.8370
step : 11700, epoch : 16, acc : 0.8625, loss : 0.0725, time : 0.8366
step : 11800, epoch : 16, acc : 0.8594, loss : 0.0724, time : 0.8364
step : 11900, epoch : 16, acc : 0.8797, loss : 0.0696, time : 0.8361
epoch : 17, test acc : 0.8454
step : 12000, epoch : 17, acc : 0.8750, loss : 0.0725, time : 1.1819
step : 12100, epoch : 17, acc : 0.8750, loss : 0.0680, time : 0.8370
step : 12200, epoch : 17, acc : 0.8594, loss : 0.0745, time : 0.8370
step : 12300, epoch : 17, acc : 0.8391, loss : 0.0772, time : 0.8369
step : 12400, epoch : 17, acc : 0.8484, loss : 0.0743, time : 0.8369
step : 12500, epoch : 17, acc : 0.8516, loss : 0.0744, time : 0.8366
step : 12600, epoch : 17, acc : 0.8781, loss : 0.0708, time : 0.8366
epoch : 18, test acc : 0.8519
step : 12700, epoch : 18, acc : 0.8594, loss : 0.0741, time : 1.1818
step : 12800, epoch : 18, acc : 0.8656, loss : 0.0724, time : 0.8370
step : 12900, epoch : 18, acc : 0.8859, loss : 0.0649, time : 0.8369
step : 13000, epoch : 18, acc : 0.8703, loss : 0.0732, time : 0.8368
step : 13100, epoch : 18, acc : 0.8734, loss : 0.0711, time : 0.8366
step : 13200, epoch : 18, acc : 0.8891, loss : 0.0636, time : 0.8363
step : 13300, epoch : 18, acc : 0.8656, loss : 0.0681, time : 0.8365
epoch : 19, test acc : 0.8389
step : 13400, epoch : 19, acc : 0.8734, loss : 0.0677, time : 1.1819
step : 13500, epoch : 19, acc : 0.8859, loss : 0.0648, time : 0.8371
step : 13600, epoch : 19, acc : 0.8844, loss : 0.0668, time : 0.8371
step : 13700, epoch : 19, acc : 0.8953, loss : 0.0627, time : 0.8369
step : 13800, epoch : 19, acc : 0.9000, loss : 0.0614, time : 0.8364
step : 13900, epoch : 19, acc : 0.9000, loss : 0.0619, time : 0.8363
step : 14000, epoch : 19, acc : 0.8750, loss : 0.0681, time : 0.8364
epoch : 20, test acc : 0.8511
Save ckpt file ckpt_file/model_res_110layer.ckpt
step : 14100, epoch : 20, acc : 0.9016, loss : 0.0591, time : 1.3460
step : 14200, epoch : 20, acc : 0.8625, loss : 0.0725, time : 0.8370
step : 14300, epoch : 20, acc : 0.8484, loss : 0.0776, time : 0.8371
step : 14400, epoch : 20, acc : 0.8781, loss : 0.0674, time : 0.8368
step : 14500, epoch : 20, acc : 0.8844, loss : 0.0648, time : 0.8367
step : 14600, epoch : 20, acc : 0.8625, loss : 0.0695, time : 0.8367
step : 14700, epoch : 20, acc : 0.8703, loss : 0.0681, time : 0.8367
epoch : 21, test acc : 0.8619
step : 14800, epoch : 21, acc : 0.8875, loss : 0.0647, time : 1.1818
step : 14900, epoch : 21, acc : 0.8828, loss : 0.0645, time : 0.8372
step : 15000, epoch : 21, acc : 0.8953, loss : 0.0629, time : 0.8370
step : 15100, epoch : 21, acc : 0.8750, loss : 0.0659, time : 0.8368
step : 15200, epoch : 21, acc : 0.8703, loss : 0.0669, time : 0.8369
step : 15300, epoch : 21, acc : 0.8625, loss : 0.0751, time : 0.8368
step : 15400, epoch : 21, acc : 0.8766, loss : 0.0663, time : 0.8365
epoch : 22, test acc : 0.8599
step : 15500, epoch : 22, acc : 0.8766, loss : 0.0661, time : 1.1824
step : 15600, epoch : 22, acc : 0.8984, loss : 0.0601, time : 0.8371
step : 15700, epoch : 22, acc : 0.8594, loss : 0.0690, time : 0.8371
step : 15800, epoch : 22, acc : 0.8781, loss : 0.0669, time : 0.8369
step : 15900, epoch : 22, acc : 0.8953, loss : 0.0624, time : 0.8367
step : 16000, epoch : 22, acc : 0.8812, loss : 0.0630, time : 0.8366
step : 16100, epoch : 22, acc : 0.8828, loss : 0.0640, time : 0.8366
epoch : 23, test acc : 0.8662
step : 16200, epoch : 23, acc : 0.8828, loss : 0.0635, time : 1.1820
step : 16300, epoch : 23, acc : 0.8906, loss : 0.0632, time : 0.8370
step : 16400, epoch : 23, acc : 0.8922, loss : 0.0629, time : 0.8368
step : 16500, epoch : 23, acc : 0.8891, loss : 0.0642, time : 0.8367
step : 16600, epoch : 23, acc : 0.8875, loss : 0.0628, time : 0.8366
step : 16700, epoch : 23, acc : 0.8875, loss : 0.0638, time : 0.8365
step : 16800, epoch : 23, acc : 0.8828, loss : 0.0627, time : 0.8365
epoch : 24, test acc : 0.8418
step : 16900, epoch : 24, acc : 0.8797, loss : 0.0654, time : 1.1822
step : 17000, epoch : 24, acc : 0.8797, loss : 0.0644, time : 0.8371
step : 17100, epoch : 24, acc : 0.8812, loss : 0.0615, time : 0.8368
step : 17200, epoch : 24, acc : 0.8875, loss : 0.0602, time : 0.8370
step : 17300, epoch : 24, acc : 0.9000, loss : 0.0622, time : 0.8370
step : 17400, epoch : 24, acc : 0.8797, loss : 0.0635, time : 0.8367
step : 17500, epoch : 24, acc : 0.8953, loss : 0.0647, time : 0.8369
epoch : 25, test acc : 0.8499
step : 17600, epoch : 25, acc : 0.8875, loss : 0.0639, time : 1.1822
step : 17700, epoch : 25, acc : 0.8984, loss : 0.0620, time : 0.8375
step : 17800, epoch : 25, acc : 0.8922, loss : 0.0631, time : 0.8368
step : 17900, epoch : 25, acc : 0.8828, loss : 0.0631, time : 0.8370
step : 18000, epoch : 25, acc : 0.8750, loss : 0.0678, time : 0.8369
step : 18100, epoch : 25, acc : 0.9062, loss : 0.0550, time : 0.8368
step : 18200, epoch : 25, acc : 0.8844, loss : 0.0631, time : 0.8365
epoch : 26, test acc : 0.8508
step : 18300, epoch : 26, acc : 0.8875, loss : 0.0651, time : 1.1817
step : 18400, epoch : 26, acc : 0.9094, loss : 0.0591, time : 0.8373
step : 18500, epoch : 26, acc : 0.8984, loss : 0.0615, time : 0.8368
step : 18600, epoch : 26, acc : 0.8469, loss : 0.0703, time : 0.8368
step : 18700, epoch : 26, acc : 0.9047, loss : 0.0563, time : 0.8368
step : 18800, epoch : 26, acc : 0.8781, loss : 0.0651, time : 0.8365
step : 18900, epoch : 26, acc : 0.8719, loss : 0.0658, time : 0.8364
epoch : 27, test acc : 0.8599
step : 19000, epoch : 27, acc : 0.8641, loss : 0.0657, time : 1.1820
step : 19100, epoch : 27, acc : 0.8969, loss : 0.0574, time : 0.8373
step : 19200, epoch : 27, acc : 0.9109, loss : 0.0563, time : 0.8376
step : 19300, epoch : 27, acc : 0.9016, loss : 0.0583, time : 0.8367
step : 19400, epoch : 27, acc : 0.9078, loss : 0.0583, time : 0.8366
step : 19500, epoch : 27, acc : 0.8953, loss : 0.0590, time : 0.8366
step : 19600, epoch : 27, acc : 0.9109, loss : 0.0547, time : 0.8364
epoch : 28, test acc : 0.8567
step : 19700, epoch : 28, acc : 0.9156, loss : 0.0562, time : 1.1816
step : 19800, epoch : 28, acc : 0.9172, loss : 0.0559, time : 0.8371
step : 19900, epoch : 28, acc : 0.8922, loss : 0.0598, time : 0.8370
step : 20000, epoch : 28, acc : 0.8938, loss : 0.0594, time : 0.8371
step : 20100, epoch : 28, acc : 0.9000, loss : 0.0595, time : 0.8366
step : 20200, epoch : 28, acc : 0.8844, loss : 0.0649, time : 0.8366
step : 20300, epoch : 28, acc : 0.8984, loss : 0.0589, time : 0.8365
epoch : 29, test acc : 0.8522
step : 20400, epoch : 29, acc : 0.9031, loss : 0.0603, time : 1.1815
step : 20500, epoch : 29, acc : 0.9094, loss : 0.0540, time : 0.8367
step : 20600, epoch : 29, acc : 0.8922, loss : 0.0602, time : 0.8372
step : 20700, epoch : 29, acc : 0.8969, loss : 0.0588, time : 0.8370
step : 20800, epoch : 29, acc : 0.9016, loss : 0.0597, time : 0.8370
step : 20900, epoch : 29, acc : 0.8859, loss : 0.0592, time : 0.8365
step : 21000, epoch : 29, acc : 0.9031, loss : 0.0589, time : 0.8367
epoch : 30, test acc : 0.8678
Save ckpt file ckpt_file/model_res_110layer.ckpt
step : 21100, epoch : 30, acc : 0.9047, loss : 0.0552, time : 1.3571
step : 21200, epoch : 30, acc : 0.8969, loss : 0.0602, time : 0.8371
step : 21300, epoch : 30, acc : 0.8906, loss : 0.0612, time : 0.8370
step : 21400, epoch : 30, acc : 0.9078, loss : 0.0555, time : 0.8370
step : 21500, epoch : 30, acc : 0.8812, loss : 0.0637, time : 0.8369
step : 21600, epoch : 30, acc : 0.8828, loss : 0.0597, time : 0.8369
step : 21700, epoch : 30, acc : 0.9156, loss : 0.0585, time : 0.8369
epoch : 31, test acc : 0.8635
step : 21800, epoch : 31, acc : 0.9047, loss : 0.0580, time : 1.1816
step : 21900, epoch : 31, acc : 0.9062, loss : 0.0565, time : 0.8372
step : 22000, epoch : 31, acc : 0.8969, loss : 0.0593, time : 0.8371
step : 22100, epoch : 31, acc : 0.9266, loss : 0.0554, time : 0.8370
step : 22200, epoch : 31, acc : 0.8812, loss : 0.0621, time : 0.8370
step : 22300, epoch : 31, acc : 0.8984, loss : 0.0598, time : 0.8366
step : 22400, epoch : 31, acc : 0.9141, loss : 0.0575, time : 0.8363
epoch : 32, test acc : 0.8654
step : 22500, epoch : 32, acc : 0.9187, loss : 0.0555, time : 1.1822
step : 22600, epoch : 32, acc : 0.9000, loss : 0.0584, time : 0.8379
step : 22700, epoch : 32, acc : 0.8938, loss : 0.0575, time : 0.8369
step : 22800, epoch : 32, acc : 0.8844, loss : 0.0624, time : 0.8368
step : 22900, epoch : 32, acc : 0.9000, loss : 0.0574, time : 0.8366
step : 23000, epoch : 32, acc : 0.8969, loss : 0.0606, time : 0.8368
step : 23100, epoch : 32, acc : 0.8781, loss : 0.0643, time : 0.8364
step : 23200, epoch : 33, acc : 0.8781, loss : 0.0632, time : 0.8367
epoch : 33, test acc : 0.8652
step : 23300, epoch : 33, acc : 0.8875, loss : 0.0594, time : 1.1829
step : 23400, epoch : 33, acc : 0.9000, loss : 0.0586, time : 0.8370
step : 23500, epoch : 33, acc : 0.9203, loss : 0.0543, time : 0.8370
step : 23600, epoch : 33, acc : 0.9000, loss : 0.0571, time : 0.8370
step : 23700, epoch : 33, acc : 0.8828, loss : 0.0598, time : 0.8369
step : 23800, epoch : 33, acc : 0.8984, loss : 0.0562, time : 0.8367
step : 23900, epoch : 33, acc : 0.9016, loss : 0.0574, time : 0.8365
epoch : 34, test acc : 0.8622
step : 24000, epoch : 34, acc : 0.8922, loss : 0.0574, time : 1.1829
step : 24100, epoch : 34, acc : 0.9078, loss : 0.0546, time : 0.8369
step : 24200, epoch : 34, acc : 0.8875, loss : 0.0591, time : 0.8370
step : 24300, epoch : 34, acc : 0.8797, loss : 0.0658, time : 0.8371
step : 24400, epoch : 34, acc : 0.8938, loss : 0.0631, time : 0.8367
step : 24500, epoch : 34, acc : 0.9000, loss : 0.0572, time : 0.8367
step : 24600, epoch : 34, acc : 0.9125, loss : 0.0546, time : 0.8366
epoch : 35, test acc : 0.8690
step : 24700, epoch : 35, acc : 0.9219, loss : 0.0529, time : 1.1828
step : 24800, epoch : 35, acc : 0.9094, loss : 0.0568, time : 0.8374
step : 24900, epoch : 35, acc : 0.8938, loss : 0.0595, time : 0.8373
step : 25000, epoch : 35, acc : 0.8844, loss : 0.0621, time : 0.8371
step : 25100, epoch : 35, acc : 0.8922, loss : 0.0579, time : 0.8367
step : 25200, epoch : 35, acc : 0.9000, loss : 0.0602, time : 0.8363
step : 25300, epoch : 35, acc : 0.8953, loss : 0.0610, time : 0.8364
epoch : 36, test acc : 0.8632
step : 25400, epoch : 36, acc : 0.8875, loss : 0.0619, time : 1.1826
step : 25500, epoch : 36, acc : 0.9187, loss : 0.0552, time : 0.8371
step : 25600, epoch : 36, acc : 0.9016, loss : 0.0578, time : 0.8369
step : 25700, epoch : 36, acc : 0.9062, loss : 0.0574, time : 0.8367
step : 25800, epoch : 36, acc : 0.8844, loss : 0.0603, time : 0.8366
step : 25900, epoch : 36, acc : 0.8938, loss : 0.0587, time : 0.8367
step : 26000, epoch : 36, acc : 0.9172, loss : 0.0547, time : 0.8365
epoch : 37, test acc : 0.8626
step : 26100, epoch : 37, acc : 0.9156, loss : 0.0534, time : 1.1831
step : 26200, epoch : 37, acc : 0.8844, loss : 0.0622, time : 0.8372
step : 26300, epoch : 37, acc : 0.9125, loss : 0.0569, time : 0.8372
step : 26400, epoch : 37, acc : 0.9062, loss : 0.0556, time : 0.8369
step : 26500, epoch : 37, acc : 0.8766, loss : 0.0629, time : 0.8369
step : 26600, epoch : 37, acc : 0.8953, loss : 0.0597, time : 0.8367
step : 26700, epoch : 37, acc : 0.9000, loss : 0.0562, time : 0.8366
epoch : 38, test acc : 0.8766
step : 26800, epoch : 38, acc : 0.9141, loss : 0.0562, time : 1.1824
step : 26900, epoch : 38, acc : 0.9391, loss : 0.0491, time : 0.8372
step : 27000, epoch : 38, acc : 0.8969, loss : 0.0619, time : 0.8369
step : 27100, epoch : 38, acc : 0.8672, loss : 0.0689, time : 0.8368
step : 27200, epoch : 38, acc : 0.8891, loss : 0.0587, time : 0.8366
step : 27300, epoch : 38, acc : 0.9016, loss : 0.0554, time : 0.8367
step : 27400, epoch : 38, acc : 0.9031, loss : 0.0583, time : 0.8365
epoch : 39, test acc : 0.8659
step : 27500, epoch : 39, acc : 0.9250, loss : 0.0534, time : 1.1824
step : 27600, epoch : 39, acc : 0.8969, loss : 0.0586, time : 0.8371
step : 27700, epoch : 39, acc : 0.8844, loss : 0.0610, time : 0.8371
step : 27800, epoch : 39, acc : 0.8953, loss : 0.0623, time : 0.8368
step : 27900, epoch : 39, acc : 0.8938, loss : 0.0611, time : 0.8371
step : 28000, epoch : 39, acc : 0.8953, loss : 0.0620, time : 0.8365
step : 28100, epoch : 39, acc : 0.9125, loss : 0.0567, time : 0.8364
epoch : 40, test acc : 0.8572
Save ckpt file ckpt_file/model_res_110layer.ckpt
step : 28200, epoch : 40, acc : 0.8938, loss : 0.0577, time : 1.3473
step : 28300, epoch : 40, acc : 0.9219, loss : 0.0522, time : 0.8370
step : 28400, epoch : 40, acc : 0.9031, loss : 0.0564, time : 0.8369
step : 28500, epoch : 40, acc : 0.9062, loss : 0.0581, time : 0.8371
step : 28600, epoch : 40, acc : 0.9078, loss : 0.0559, time : 0.8367
step : 28700, epoch : 40, acc : 0.9031, loss : 0.0573, time : 0.8366
step : 28800, epoch : 40, acc : 0.9203, loss : 0.0548, time : 0.8371
epoch : 41, test acc : 0.8587
step : 28900, epoch : 41, acc : 0.9047, loss : 0.0573, time : 1.1824
step : 29000, epoch : 41, acc : 0.9062, loss : 0.0586, time : 0.8373
step : 29100, epoch : 41, acc : 0.8906, loss : 0.0574, time : 0.8367
step : 29200, epoch : 41, acc : 0.8906, loss : 0.0617, time : 0.8370
step : 29300, epoch : 41, acc : 0.9078, loss : 0.0571, time : 0.8366
step : 29400, epoch : 41, acc : 0.8844, loss : 0.0597, time : 0.8368
step : 29500, epoch : 41, acc : 0.8797, loss : 0.0621, time : 0.8366
epoch : 42, test acc : 0.8681
step : 29600, epoch : 42, acc : 0.9187, loss : 0.0549, time : 1.1830
step : 29700, epoch : 42, acc : 0.9094, loss : 0.0549, time : 0.8372
step : 29800, epoch : 42, acc : 0.9125, loss : 0.0549, time : 0.8371
step : 29900, epoch : 42, acc : 0.9234, loss : 0.0540, time : 0.8370
step : 30000, epoch : 42, acc : 0.9078, loss : 0.0575, time : 0.8370
step : 30100, epoch : 42, acc : 0.9016, loss : 0.0582, time : 0.8369
step : 30200, epoch : 42, acc : 0.9094, loss : 0.0579, time : 0.8367
epoch : 43, test acc : 0.8554
step : 30300, epoch : 43, acc : 0.8953, loss : 0.0590, time : 1.1827
step : 30400, epoch : 43, acc : 0.9219, loss : 0.0536, time : 0.8374
step : 30500, epoch : 43, acc : 0.9250, loss : 0.0544, time : 0.8371
step : 30600, epoch : 43, acc : 0.9062, loss : 0.0562, time : 0.8368
step : 30700, epoch : 43, acc : 0.9109, loss : 0.0554, time : 0.8369
step : 30800, epoch : 43, acc : 0.9172, loss : 0.0539, time : 0.8365
step : 30900, epoch : 43, acc : 0.9172, loss : 0.0559, time : 0.8365
epoch : 44, test acc : 0.8679
step : 31000, epoch : 44, acc : 0.9094, loss : 0.0538, time : 1.1820
step : 31100, epoch : 44, acc : 0.9313, loss : 0.0514, time : 0.8369
step : 31200, epoch : 44, acc : 0.9000, loss : 0.0611, time : 0.8370
step : 31300, epoch : 44, acc : 0.8984, loss : 0.0591, time : 0.8369
step : 31400, epoch : 44, acc : 0.8906, loss : 0.0578, time : 0.8374
step : 31500, epoch : 44, acc : 0.8781, loss : 0.0637, time : 0.8367
step : 31600, epoch : 44, acc : 0.9156, loss : 0.0565, time : 0.8366
epoch : 45, test acc : 0.8666
step : 31700, epoch : 45, acc : 0.9016, loss : 0.0596, time : 1.1825
step : 31800, epoch : 45, acc : 0.9203, loss : 0.0526, time : 0.8375
step : 31900, epoch : 45, acc : 0.9094, loss : 0.0572, time : 0.8374
step : 32000, epoch : 45, acc : 0.9078, loss : 0.0572, time : 0.8371
########## ITER2 start ########## 
step : 32100, epoch : 45, acc : 0.9203, loss : 0.0539, time : 1.2757
step : 32200, epoch : 45, acc : 0.9531, loss : 0.0472, time : 0.8381
step : 32300, epoch : 45, acc : 0.9531, loss : 0.0439, time : 0.8381
epoch : 46, test acc : 0.8992
step : 32400, epoch : 46, acc : 0.9594, loss : 0.0430, time : 1.1837
step : 32500, epoch : 46, acc : 0.9609, loss : 0.0425, time : 0.8388
step : 32600, epoch : 46, acc : 0.9719, loss : 0.0395, time : 0.8385
step : 32700, epoch : 46, acc : 0.9750, loss : 0.0390, time : 0.8385
step : 32800, epoch : 46, acc : 0.9656, loss : 0.0406, time : 0.8385
step : 32900, epoch : 46, acc : 0.9781, loss : 0.0372, time : 0.8383
step : 33000, epoch : 46, acc : 0.9625, loss : 0.0403, time : 0.8383
epoch : 47, test acc : 0.9032
step : 33100, epoch : 47, acc : 0.9656, loss : 0.0402, time : 1.1838
step : 33200, epoch : 47, acc : 0.9656, loss : 0.0404, time : 0.8388
step : 33300, epoch : 47, acc : 0.9578, loss : 0.0426, time : 0.8385
step : 33400, epoch : 47, acc : 0.9688, loss : 0.0382, time : 0.8382
step : 33500, epoch : 47, acc : 0.9719, loss : 0.0378, time : 0.8385
step : 33600, epoch : 47, acc : 0.9609, loss : 0.0398, time : 0.8382
step : 33700, epoch : 47, acc : 0.9766, loss : 0.0367, time : 0.8382
epoch : 48, test acc : 0.9050
step : 33800, epoch : 48, acc : 0.9578, loss : 0.0406, time : 1.1831
step : 33900, epoch : 48, acc : 0.9750, loss : 0.0377, time : 0.8387
step : 34000, epoch : 48, acc : 0.9656, loss : 0.0387, time : 0.8387
step : 34100, epoch : 48, acc : 0.9531, loss : 0.0419, time : 0.8385
step : 34200, epoch : 48, acc : 0.9719, loss : 0.0362, time : 0.8385
step : 34300, epoch : 48, acc : 0.9797, loss : 0.0359, time : 0.8380
step : 34400, epoch : 48, acc : 0.9797, loss : 0.0358, time : 0.8372
epoch : 49, test acc : 0.9064
step : 34500, epoch : 49, acc : 0.9672, loss : 0.0378, time : 1.1827
step : 34600, epoch : 49, acc : 0.9766, loss : 0.0360, time : 0.8381
step : 34700, epoch : 49, acc : 0.9625, loss : 0.0376, time : 0.8378
step : 34800, epoch : 49, acc : 0.9734, loss : 0.0370, time : 0.8381
step : 34900, epoch : 49, acc : 0.9781, loss : 0.0345, time : 0.8375
step : 35000, epoch : 49, acc : 0.9625, loss : 0.0382, time : 0.8373
step : 35100, epoch : 49, acc : 0.9625, loss : 0.0381, time : 0.8373
epoch : 50, test acc : 0.9071
Save ckpt file ckpt_file/model_res_110layer.ckpt
step : 35200, epoch : 50, acc : 0.9703, loss : 0.0373, time : 1.4210
step : 35300, epoch : 50, acc : 0.9812, loss : 0.0357, time : 0.8378
step : 35400, epoch : 50, acc : 0.9719, loss : 0.0362, time : 0.8380
step : 35500, epoch : 50, acc : 0.9828, loss : 0.0334, time : 0.8377
step : 35600, epoch : 50, acc : 0.9734, loss : 0.0364, time : 0.8375
step : 35700, epoch : 50, acc : 0.9766, loss : 0.0347, time : 0.8374
step : 35800, epoch : 50, acc : 0.9734, loss : 0.0363, time : 0.8371
epoch : 51, test acc : 0.9092
step : 35900, epoch : 51, acc : 0.9812, loss : 0.0339, time : 1.1825
step : 36000, epoch : 51, acc : 0.9812, loss : 0.0355, time : 0.8380
step : 36100, epoch : 51, acc : 0.9750, loss : 0.0356, time : 0.8376
step : 36200, epoch : 51, acc : 0.9703, loss : 0.0363, time : 0.8378
step : 36300, epoch : 51, acc : 0.9844, loss : 0.0329, time : 0.8376
step : 36400, epoch : 51, acc : 0.9719, loss : 0.0356, time : 0.8375
step : 36500, epoch : 51, acc : 0.9750, loss : 0.0349, time : 0.8378
epoch : 52, test acc : 0.9079
step : 36600, epoch : 52, acc : 0.9688, loss : 0.0371, time : 1.1823
step : 36700, epoch : 52, acc : 0.9812, loss : 0.0333, time : 0.8380
step : 36800, epoch : 52, acc : 0.9797, loss : 0.0338, time : 0.8376
step : 36900, epoch : 52, acc : 0.9797, loss : 0.0337, time : 0.8379
step : 37000, epoch : 52, acc : 0.9797, loss : 0.0340, time : 0.8376
step : 37100, epoch : 52, acc : 0.9781, loss : 0.0347, time : 0.8371
step : 37200, epoch : 52, acc : 0.9609, loss : 0.0373, time : 0.8374
epoch : 53, test acc : 0.9074
step : 37300, epoch : 53, acc : 0.9781, loss : 0.0343, time : 1.1818
step : 37400, epoch : 53, acc : 0.9859, loss : 0.0319, time : 0.8379
step : 37500, epoch : 53, acc : 0.9875, loss : 0.0311, time : 0.8377
step : 37600, epoch : 53, acc : 0.9734, loss : 0.0342, time : 0.8376
step : 37700, epoch : 53, acc : 0.9703, loss : 0.0346, time : 0.8373
step : 37800, epoch : 53, acc : 0.9875, loss : 0.0317, time : 0.8371
step : 37900, epoch : 53, acc : 0.9859, loss : 0.0326, time : 0.8374
epoch : 54, test acc : 0.9095
step : 38000, epoch : 54, acc : 0.9781, loss : 0.0334, time : 1.1824
step : 38100, epoch : 54, acc : 0.9797, loss : 0.0338, time : 0.8384
step : 38200, epoch : 54, acc : 0.9812, loss : 0.0330, time : 0.8376
step : 38300, epoch : 54, acc : 0.9906, loss : 0.0320, time : 0.8377
step : 38400, epoch : 54, acc : 0.9797, loss : 0.0333, time : 0.8375
step : 38500, epoch : 54, acc : 0.9797, loss : 0.0328, time : 0.8373
step : 38600, epoch : 54, acc : 0.9859, loss : 0.0317, time : 0.8374
epoch : 55, test acc : 0.9099
step : 38700, epoch : 55, acc : 0.9828, loss : 0.0310, time : 1.1822
step : 38800, epoch : 55, acc : 0.9844, loss : 0.0313, time : 0.8380
step : 38900, epoch : 55, acc : 0.9719, loss : 0.0345, time : 0.8377
step : 39000, epoch : 55, acc : 0.9859, loss : 0.0304, time : 0.8375
step : 39100, epoch : 55, acc : 0.9875, loss : 0.0300, time : 0.8375
step : 39200, epoch : 55, acc : 0.9797, loss : 0.0322, time : 0.8374
step : 39300, epoch : 55, acc : 0.9797, loss : 0.0323, time : 0.8376
epoch : 56, test acc : 0.9096
step : 39400, epoch : 56, acc : 0.9875, loss : 0.0303, time : 1.1823
step : 39500, epoch : 56, acc : 0.9875, loss : 0.0307, time : 0.8380
step : 39600, epoch : 56, acc : 0.9844, loss : 0.0311, time : 0.8375
step : 39700, epoch : 56, acc : 0.9891, loss : 0.0295, time : 0.8378
step : 39800, epoch : 56, acc : 0.9828, loss : 0.0314, time : 0.8377
step : 39900, epoch : 56, acc : 0.9938, loss : 0.0297, time : 0.8375
step : 40000, epoch : 56, acc : 0.9844, loss : 0.0313, time : 0.8372
epoch : 57, test acc : 0.9110
step : 40100, epoch : 57, acc : 0.9828, loss : 0.0307, time : 1.1825
step : 40200, epoch : 57, acc : 0.9828, loss : 0.0301, time : 0.8377
step : 40300, epoch : 57, acc : 0.9844, loss : 0.0308, time : 0.8376
step : 40400, epoch : 57, acc : 0.9812, loss : 0.0312, time : 0.8375
step : 40500, epoch : 57, acc : 0.9812, loss : 0.0317, time : 0.8374
step : 40600, epoch : 57, acc : 0.9766, loss : 0.0323, time : 0.8377
step : 40700, epoch : 57, acc : 0.9938, loss : 0.0288, time : 0.8376
epoch : 58, test acc : 0.9085
step : 40800, epoch : 58, acc : 0.9766, loss : 0.0322, time : 1.1829
step : 40900, epoch : 58, acc : 0.9812, loss : 0.0312, time : 0.8379
step : 41000, epoch : 58, acc : 0.9781, loss : 0.0316, time : 0.8377
step : 41100, epoch : 58, acc : 0.9828, loss : 0.0301, time : 0.8377
step : 41200, epoch : 58, acc : 0.9859, loss : 0.0310, time : 0.8377
step : 41300, epoch : 58, acc : 0.9906, loss : 0.0284, time : 0.8374
step : 41400, epoch : 58, acc : 0.9922, loss : 0.0288, time : 0.8370
epoch : 59, test acc : 0.9086
step : 41500, epoch : 59, acc : 0.9906, loss : 0.0302, time : 1.1820
step : 41600, epoch : 59, acc : 0.9812, loss : 0.0293, time : 0.8382
step : 41700, epoch : 59, acc : 0.9891, loss : 0.0283, time : 0.8374
step : 41800, epoch : 59, acc : 0.9938, loss : 0.0283, time : 0.8376
step : 41900, epoch : 59, acc : 0.9859, loss : 0.0287, time : 0.8376
step : 42000, epoch : 59, acc : 0.9781, loss : 0.0313, time : 0.8373
step : 42100, epoch : 59, acc : 0.9734, loss : 0.0315, time : 0.8373
epoch : 60, test acc : 0.9098
Save ckpt file ckpt_file/model_res_110layer.ckpt
step : 42200, epoch : 60, acc : 0.9844, loss : 0.0307, time : 1.4247
step : 42300, epoch : 60, acc : 0.9891, loss : 0.0292, time : 0.8378
step : 42400, epoch : 60, acc : 0.9844, loss : 0.0301, time : 0.8376
step : 42500, epoch : 60, acc : 0.9766, loss : 0.0320, time : 0.8380
step : 42600, epoch : 60, acc : 0.9938, loss : 0.0277, time : 0.8374
step : 42700, epoch : 60, acc : 0.9938, loss : 0.0281, time : 0.8375
step : 42800, epoch : 60, acc : 0.9844, loss : 0.0288, time : 0.8374
epoch : 61, test acc : 0.9099
step : 42900, epoch : 61, acc : 0.9906, loss : 0.0285, time : 1.1821
step : 43000, epoch : 61, acc : 0.9797, loss : 0.0294, time : 0.8378
step : 43100, epoch : 61, acc : 0.9922, loss : 0.0276, time : 0.8377
step : 43200, epoch : 61, acc : 0.9828, loss : 0.0300, time : 0.8377
step : 43300, epoch : 61, acc : 0.9875, loss : 0.0288, time : 0.8378
step : 43400, epoch : 61, acc : 0.9922, loss : 0.0274, time : 0.8372
step : 43500, epoch : 61, acc : 0.9906, loss : 0.0276, time : 0.8373
epoch : 62, test acc : 0.9082
step : 43600, epoch : 62, acc : 0.9797, loss : 0.0300, time : 1.1821
step : 43700, epoch : 62, acc : 0.9938, loss : 0.0270, time : 0.8379
step : 43800, epoch : 62, acc : 0.9828, loss : 0.0289, time : 0.8380
step : 43900, epoch : 62, acc : 0.9906, loss : 0.0274, time : 0.8377
step : 44000, epoch : 62, acc : 0.9938, loss : 0.0272, time : 0.8378
step : 44100, epoch : 62, acc : 0.9812, loss : 0.0292, time : 0.8377
step : 44200, epoch : 62, acc : 0.9812, loss : 0.0287, time : 0.8373
epoch : 63, test acc : 0.9052
step : 44300, epoch : 63, acc : 0.9797, loss : 0.0292, time : 1.1830
step : 44400, epoch : 63, acc : 0.9953, loss : 0.0263, time : 0.8384
step : 44500, epoch : 63, acc : 0.9938, loss : 0.0268, time : 0.8376
step : 44600, epoch : 63, acc : 0.9984, loss : 0.0267, time : 0.8378
step : 44700, epoch : 63, acc : 0.9891, loss : 0.0276, time : 0.8377
step : 44800, epoch : 63, acc : 0.9922, loss : 0.0271, time : 0.8374
step : 44900, epoch : 63, acc : 0.9859, loss : 0.0275, time : 0.8377
epoch : 64, test acc : 0.9104
step : 45000, epoch : 64, acc : 0.9828, loss : 0.0301, time : 1.1827
step : 45100, epoch : 64, acc : 0.9906, loss : 0.0269, time : 0.8382
step : 45200, epoch : 64, acc : 0.9984, loss : 0.0258, time : 0.8377
step : 45300, epoch : 64, acc : 0.9859, loss : 0.0280, time : 0.8377
step : 45400, epoch : 64, acc : 0.9891, loss : 0.0278, time : 0.8380
step : 45500, epoch : 64, acc : 0.9891, loss : 0.0271, time : 0.8374
step : 45600, epoch : 64, acc : 0.9891, loss : 0.0275, time : 0.8376
epoch : 65, test acc : 0.9102
step : 45700, epoch : 65, acc : 0.9844, loss : 0.0277, time : 1.1819
step : 45800, epoch : 65, acc : 0.9875, loss : 0.0279, time : 0.8379
step : 45900, epoch : 65, acc : 0.9953, loss : 0.0262, time : 0.8378
step : 46000, epoch : 65, acc : 0.9969, loss : 0.0256, time : 0.8379
step : 46100, epoch : 65, acc : 0.9828, loss : 0.0275, time : 0.8374
step : 46200, epoch : 65, acc : 0.9906, loss : 0.0267, time : 0.8377
step : 46300, epoch : 65, acc : 0.9875, loss : 0.0269, time : 0.8375
epoch : 66, test acc : 0.9090
step : 46400, epoch : 66, acc : 0.9859, loss : 0.0266, time : 1.1823
step : 46500, epoch : 66, acc : 0.9906, loss : 0.0263, time : 0.8380
step : 46600, epoch : 66, acc : 0.9922, loss : 0.0261, time : 0.8378
step : 46700, epoch : 66, acc : 0.9984, loss : 0.0247, time : 0.8377
step : 46800, epoch : 66, acc : 0.9906, loss : 0.0261, time : 0.8374
step : 46900, epoch : 66, acc : 0.9906, loss : 0.0272, time : 0.8373
step : 47000, epoch : 66, acc : 0.9938, loss : 0.0268, time : 0.8375
step : 47100, epoch : 66, acc : 0.9766, loss : 0.0293, time : 0.8373
epoch : 67, test acc : 0.9103
step : 47200, epoch : 67, acc : 0.9906, loss : 0.0260, time : 1.1827
step : 47300, epoch : 67, acc : 0.9984, loss : 0.0249, time : 0.8380
step : 47400, epoch : 67, acc : 0.9906, loss : 0.0256, time : 0.8376
step : 47500, epoch : 67, acc : 0.9875, loss : 0.0260, time : 0.8374
step : 47600, epoch : 67, acc : 0.9984, loss : 0.0241, time : 0.8378
step : 47700, epoch : 67, acc : 1.0000, loss : 0.0248, time : 0.8372
step : 47800, epoch : 67, acc : 0.9906, loss : 0.0261, time : 0.8374
epoch : 68, test acc : 0.9115
step : 47900, epoch : 68, acc : 0.9906, loss : 0.0259, time : 1.1827
step : 48000, epoch : 68, acc : 0.9875, loss : 0.0260, time : 0.8377
########## ITER3 start ########## 
step : 48100, epoch : 68, acc : 0.9938, loss : 0.0254, time : 1.3432
step : 48200, epoch : 68, acc : 0.9953, loss : 0.0251, time : 0.8383
step : 48300, epoch : 68, acc : 0.9938, loss : 0.0247, time : 0.8380
step : 48400, epoch : 68, acc : 0.9891, loss : 0.0254, time : 0.8376
step : 48500, epoch : 68, acc : 0.9969, loss : 0.0244, time : 0.8375
epoch : 69, test acc : 0.9126
step : 48600, epoch : 69, acc : 0.9953, loss : 0.0246, time : 1.1841
step : 48700, epoch : 69, acc : 0.9953, loss : 0.0248, time : 0.8380
step : 48800, epoch : 69, acc : 0.9922, loss : 0.0248, time : 0.8380
step : 48900, epoch : 69, acc : 0.9938, loss : 0.0250, time : 0.8377
step : 49000, epoch : 69, acc : 0.9953, loss : 0.0248, time : 0.8377
step : 49100, epoch : 69, acc : 0.9953, loss : 0.0244, time : 0.8381
step : 49200, epoch : 69, acc : 0.9875, loss : 0.0252, time : 0.8376
epoch : 70, test acc : 0.9142
Save ckpt file ckpt_file/model_res_110layer.ckpt
step : 49300, epoch : 70, acc : 0.9922, loss : 0.0248, time : 1.4910
step : 49400, epoch : 70, acc : 0.9969, loss : 0.0243, time : 0.8381
step : 49500, epoch : 70, acc : 0.9953, loss : 0.0249, time : 0.8384
step : 49600, epoch : 70, acc : 0.9875, loss : 0.0250, time : 0.8380
step : 49700, epoch : 70, acc : 0.9922, loss : 0.0248, time : 0.8380
step : 49800, epoch : 70, acc : 0.9969, loss : 0.0246, time : 0.8379
step : 49900, epoch : 70, acc : 1.0000, loss : 0.0239, time : 0.8381
epoch : 71, test acc : 0.9140
step : 50000, epoch : 71, acc : 0.9969, loss : 0.0242, time : 1.1836
step : 50100, epoch : 71, acc : 0.9969, loss : 0.0241, time : 0.8385
step : 50200, epoch : 71, acc : 0.9906, loss : 0.0255, time : 0.8382
step : 50300, epoch : 71, acc : 0.9922, loss : 0.0253, time : 0.8380
step : 50400, epoch : 71, acc : 0.9922, loss : 0.0250, time : 0.8381
step : 50500, epoch : 71, acc : 0.9953, loss : 0.0245, time : 0.8378
step : 50600, epoch : 71, acc : 0.9984, loss : 0.0238, time : 0.8379
epoch : 72, test acc : 0.9136
step : 50700, epoch : 72, acc : 0.9953, loss : 0.0243, time : 1.1837
step : 50800, epoch : 72, acc : 0.9906, loss : 0.0257, time : 0.8383
step : 50900, epoch : 72, acc : 0.9969, loss : 0.0239, time : 0.8378
step : 51000, epoch : 72, acc : 0.9969, loss : 0.0239, time : 0.8376
step : 51100, epoch : 72, acc : 0.9969, loss : 0.0244, time : 0.8374
step : 51200, epoch : 72, acc : 0.9969, loss : 0.0243, time : 0.8372
step : 51300, epoch : 72, acc : 0.9938, loss : 0.0246, time : 0.8372
epoch : 73, test acc : 0.9132
step : 51400, epoch : 73, acc : 0.9953, loss : 0.0244, time : 1.1833
step : 51500, epoch : 73, acc : 0.9875, loss : 0.0258, time : 0.8379
step : 51600, epoch : 73, acc : 0.9953, loss : 0.0245, time : 0.8377
step : 51700, epoch : 73, acc : 0.9969, loss : 0.0237, time : 0.8378
step : 51800, epoch : 73, acc : 0.9938, loss : 0.0245, time : 0.8377
step : 51900, epoch : 73, acc : 0.9953, loss : 0.0237, time : 0.8376
step : 52000, epoch : 73, acc : 0.9984, loss : 0.0236, time : 0.8373
epoch : 74, test acc : 0.9133
step : 52100, epoch : 74, acc : 0.9984, loss : 0.0234, time : 1.1836
step : 52200, epoch : 74, acc : 0.9953, loss : 0.0239, time : 0.8380
step : 52300, epoch : 74, acc : 1.0000, loss : 0.0239, time : 0.8381
step : 52400, epoch : 74, acc : 0.9922, loss : 0.0250, time : 0.8377
step : 52500, epoch : 74, acc : 0.9938, loss : 0.0243, time : 0.8373
step : 52600, epoch : 74, acc : 0.9953, loss : 0.0241, time : 0.8375
step : 52700, epoch : 74, acc : 0.9938, loss : 0.0246, time : 0.8372
epoch : 75, test acc : 0.9142
step : 52800, epoch : 75, acc : 0.9953, loss : 0.0244, time : 1.1830
step : 52900, epoch : 75, acc : 1.0000, loss : 0.0233, time : 0.8380
step : 53000, epoch : 75, acc : 0.9953, loss : 0.0243, time : 0.8374
step : 53100, epoch : 75, acc : 1.0000, loss : 0.0240, time : 0.8374
step : 53200, epoch : 75, acc : 0.9969, loss : 0.0235, time : 0.8371
step : 53300, epoch : 75, acc : 1.0000, loss : 0.0235, time : 0.8369
step : 53400, epoch : 75, acc : 0.9922, loss : 0.0246, time : 0.8372
epoch : 76, test acc : 0.9138
step : 53500, epoch : 76, acc : 0.9953, loss : 0.0241, time : 1.1826
step : 53600, epoch : 76, acc : 0.9984, loss : 0.0237, time : 0.8375
step : 53700, epoch : 76, acc : 0.9953, loss : 0.0241, time : 0.8373
step : 53800, epoch : 76, acc : 0.9969, loss : 0.0238, time : 0.8375
step : 53900, epoch : 76, acc : 0.9984, loss : 0.0236, time : 0.8373
step : 54000, epoch : 76, acc : 0.9938, loss : 0.0250, time : 0.8374
step : 54100, epoch : 76, acc : 0.9953, loss : 0.0240, time : 0.8369
epoch : 77, test acc : 0.9128
step : 54200, epoch : 77, acc : 0.9969, loss : 0.0237, time : 1.1827
step : 54300, epoch : 77, acc : 0.9984, loss : 0.0235, time : 0.8377
step : 54400, epoch : 77, acc : 0.9969, loss : 0.0238, time : 0.8375
step : 54500, epoch : 77, acc : 0.9969, loss : 0.0238, time : 0.8374
step : 54600, epoch : 77, acc : 0.9969, loss : 0.0242, time : 0.8373
step : 54700, epoch : 77, acc : 0.9953, loss : 0.0236, time : 0.8370
step : 54800, epoch : 77, acc : 0.9938, loss : 0.0241, time : 0.8370
epoch : 78, test acc : 0.9145
step : 54900, epoch : 78, acc : 0.9969, loss : 0.0245, time : 1.1830
step : 55000, epoch : 78, acc : 0.9984, loss : 0.0233, time : 0.8378
step : 55100, epoch : 78, acc : 0.9922, loss : 0.0243, time : 0.8376
step : 55200, epoch : 78, acc : 0.9969, loss : 0.0239, time : 0.8374
step : 55300, epoch : 78, acc : 0.9953, loss : 0.0238, time : 0.8370
step : 55400, epoch : 78, acc : 0.9984, loss : 0.0237, time : 0.8370
step : 55500, epoch : 78, acc : 0.9984, loss : 0.0232, time : 0.8368
epoch : 79, test acc : 0.9145
step : 55600, epoch : 79, acc : 0.9938, loss : 0.0241, time : 1.1828
step : 55700, epoch : 79, acc : 0.9953, loss : 0.0251, time : 0.8375
step : 55800, epoch : 79, acc : 0.9969, loss : 0.0239, time : 0.8373
step : 55900, epoch : 79, acc : 0.9984, loss : 0.0233, time : 0.8375
step : 56000, epoch : 79, acc : 0.9969, loss : 0.0240, time : 0.8372
step : 56100, epoch : 79, acc : 0.9953, loss : 0.0240, time : 0.8370
step : 56200, epoch : 79, acc : 0.9953, loss : 0.0245, time : 0.8370
epoch : 80, test acc : 0.9149
Save ckpt file ckpt_file/model_res_110layer.ckpt
step : 56300, epoch : 80, acc : 0.9969, loss : 0.0235, time : 1.4683
step : 56400, epoch : 80, acc : 0.9984, loss : 0.0238, time : 0.8377
step : 56500, epoch : 80, acc : 0.9938, loss : 0.0239, time : 0.8380
step : 56600, epoch : 80, acc : 0.9906, loss : 0.0243, time : 0.8374
step : 56700, epoch : 80, acc : 0.9984, loss : 0.0232, time : 0.8372
step : 56800, epoch : 80, acc : 0.9984, loss : 0.0234, time : 0.8374
step : 56900, epoch : 80, acc : 0.9969, loss : 0.0237, time : 0.8373
epoch : 81, test acc : 0.9149
step : 57000, epoch : 81, acc : 0.9953, loss : 0.0243, time : 1.1825
step : 57100, epoch : 81, acc : 0.9922, loss : 0.0246, time : 0.8375
step : 57200, epoch : 81, acc : 0.9922, loss : 0.0243, time : 0.8375
step : 57300, epoch : 81, acc : 0.9969, loss : 0.0237, time : 0.8375
step : 57400, epoch : 81, acc : 0.9922, loss : 0.0255, time : 0.8372
step : 57500, epoch : 81, acc : 0.9938, loss : 0.0242, time : 0.8371
step : 57600, epoch : 81, acc : 0.9969, loss : 0.0236, time : 0.8372
epoch : 82, test acc : 0.9143
step : 57700, epoch : 82, acc : 0.9984, loss : 0.0235, time : 1.1827
step : 57800, epoch : 82, acc : 0.9969, loss : 0.0235, time : 0.8377
step : 57900, epoch : 82, acc : 1.0000, loss : 0.0232, time : 0.8376
step : 58000, epoch : 82, acc : 0.9938, loss : 0.0238, time : 0.8374
step : 58100, epoch : 82, acc : 0.9922, loss : 0.0240, time : 0.8372
step : 58200, epoch : 82, acc : 0.9984, loss : 0.0231, time : 0.8372
step : 58300, epoch : 82, acc : 0.9938, loss : 0.0240, time : 0.8370
epoch : 83, test acc : 0.9136
step : 58400, epoch : 83, acc : 0.9969, loss : 0.0233, time : 1.1826
step : 58500, epoch : 83, acc : 0.9969, loss : 0.0238, time : 0.8375
step : 58600, epoch : 83, acc : 0.9953, loss : 0.0239, time : 0.8373
step : 58700, epoch : 83, acc : 0.9984, loss : 0.0237, time : 0.8370
step : 58800, epoch : 83, acc : 0.9969, loss : 0.0240, time : 0.8372
step : 58900, epoch : 83, acc : 0.9969, loss : 0.0238, time : 0.8369
step : 59000, epoch : 83, acc : 0.9984, loss : 0.0237, time : 0.8371
epoch : 84, test acc : 0.9153
step : 59100, epoch : 84, acc : 0.9938, loss : 0.0240, time : 1.1829
step : 59200, epoch : 84, acc : 1.0000, loss : 0.0232, time : 0.8377
step : 59300, epoch : 84, acc : 0.9984, loss : 0.0235, time : 0.8377
step : 59400, epoch : 84, acc : 0.9984, loss : 0.0231, time : 0.8375
step : 59500, epoch : 84, acc : 0.9922, loss : 0.0247, time : 0.8375
step : 59600, epoch : 84, acc : 1.0000, loss : 0.0235, time : 0.8375
step : 59700, epoch : 84, acc : 0.9984, loss : 0.0232, time : 0.8371
epoch : 85, test acc : 0.9158
step : 59800, epoch : 85, acc : 0.9969, loss : 0.0240, time : 1.1824
step : 59900, epoch : 85, acc : 0.9984, loss : 0.0233, time : 0.8377
step : 60000, epoch : 85, acc : 0.9953, loss : 0.0239, time : 0.8374
step : 60100, epoch : 85, acc : 0.9984, loss : 0.0233, time : 0.8377
step : 60200, epoch : 85, acc : 0.9938, loss : 0.0240, time : 0.8372
step : 60300, epoch : 85, acc : 0.9906, loss : 0.0252, time : 0.8374
step : 60400, epoch : 85, acc : 0.9984, loss : 0.0231, time : 0.8372
epoch : 86, test acc : 0.9150
step : 60500, epoch : 86, acc : 0.9969, loss : 0.0235, time : 1.1826
step : 60600, epoch : 86, acc : 1.0000, loss : 0.0232, time : 0.8375
step : 60700, epoch : 86, acc : 0.9938, loss : 0.0239, time : 0.8376
step : 60800, epoch : 86, acc : 0.9922, loss : 0.0243, time : 0.8375
step : 60900, epoch : 86, acc : 0.9969, loss : 0.0237, time : 0.8374
step : 61000, epoch : 86, acc : 0.9984, loss : 0.0233, time : 0.8374
step : 61100, epoch : 86, acc : 0.9969, loss : 0.0234, time : 0.8370
epoch : 87, test acc : 0.9134
step : 61200, epoch : 87, acc : 1.0000, loss : 0.0231, time : 1.1826
step : 61300, epoch : 87, acc : 0.9953, loss : 0.0238, time : 0.8373
step : 61400, epoch : 87, acc : 0.9984, loss : 0.0235, time : 0.8375
step : 61500, epoch : 87, acc : 0.9953, loss : 0.0238, time : 0.8372
step : 61600, epoch : 87, acc : 0.9953, loss : 0.0237, time : 0.8373
step : 61700, epoch : 87, acc : 0.9953, loss : 0.0247, time : 0.8372
step : 61800, epoch : 87, acc : 0.9969, loss : 0.0234, time : 0.8371
epoch : 88, test acc : 0.9142
step : 61900, epoch : 88, acc : 0.9969, loss : 0.0235, time : 1.1827
step : 62000, epoch : 88, acc : 1.0000, loss : 0.0231, time : 0.8377
step : 62100, epoch : 88, acc : 0.9953, loss : 0.0238, time : 0.8376
step : 62200, epoch : 88, acc : 0.9953, loss : 0.0236, time : 0.8377
step : 62300, epoch : 88, acc : 0.9922, loss : 0.0237, time : 0.8373
step : 62400, epoch : 88, acc : 0.9969, loss : 0.0235, time : 0.8371
step : 62500, epoch : 88, acc : 0.9984, loss : 0.0230, time : 0.8373
epoch : 89, test acc : 0.9146
step : 62600, epoch : 89, acc : 1.0000, loss : 0.0232, time : 1.1826
step : 62700, epoch : 89, acc : 0.9984, loss : 0.0234, time : 0.8377
step : 62800, epoch : 89, acc : 0.9969, loss : 0.0230, time : 0.8377
step : 62900, epoch : 89, acc : 0.9969, loss : 0.0235, time : 0.8376
step : 63000, epoch : 89, acc : 0.9984, loss : 0.0233, time : 0.8375
step : 63100, epoch : 89, acc : 0.9953, loss : 0.0238, time : 0.8371
step : 63200, epoch : 89, acc : 1.0000, loss : 0.0230, time : 0.8370
epoch : 90, test acc : 0.9151
Save ckpt file ckpt_file/model_res_110layer.ckpt
step : 63300, epoch : 90, acc : 0.9984, loss : 0.0230, time : 1.4841
step : 63400, epoch : 90, acc : 1.0000, loss : 0.0228, time : 0.8378
step : 63500, epoch : 90, acc : 1.0000, loss : 0.0228, time : 0.8373
step : 63600, epoch : 90, acc : 1.0000, loss : 0.0232, time : 0.8372
step : 63700, epoch : 90, acc : 0.9969, loss : 0.0236, time : 0.8370
step : 63800, epoch : 90, acc : 0.9953, loss : 0.0241, time : 0.8372
step : 63900, epoch : 90, acc : 0.9969, loss : 0.0243, time : 0.8370
epoch : 91, test acc : 0.9139
step : 64000, epoch : 91, acc : 0.9953, loss : 0.0238, time : 1.1822
Save ckpt file ckpt_file/model_res_110layer.ckpt
Finish training!!
STAGE : Training Loop Finish!
